###############################################################################
#
# This is the additional jtreg exclude list for SapMachine hotspot tests.
#
# List of tests that should not be run by test/Makefile, for various reasons:
#   1. Does not run with jtreg -samevm mode
#   2. Causes problems in jtreg -samevm mode for jtreg or tests that follow it
#   3. The test is too slow or consumes too many system resources
#   4. The test fails when run on any official build systems
#
# Tests marked @ignore are not run by test/Makefile, but harmless to be listed.
#
# List items are testnames followed by labels, all MUST BE commented
#   as to why they are here and use a label:
#     generic-all   Problems on all platforms
#     generic-ARCH  Where ARCH is one of: sparc, sparcv9, x64, i586, ppc64,
#                   ppc64le, s390x etc
#     OSNAME-all    Where OSNAME is one of: solaris, linux, windows, macosx, aix
#     OSNAME-ARCH   Specific on to one OSNAME and ARCH, e.g. solaris-amd64
#     OSNAME-REV    Specific on to one OSNAME and REV, e.g. solaris-5.8
#
# More than one label is allowed but must be on the same line comma seperated,
# without spaces!
# If there are several lines, the last one is used.
#
# SAP/SapMachine usage notes:
#
# This exclude list should be a vehicle only for temporary exclusions of tests
# or exclusions that are caused by infrastrucure specifics.
#
# Our first goal should be to fix test issues upstream or at least open
# upstream bugs and get the test excluded via the upstream exclusion lists.
#
# We have both internal exclude lists and exclude lists in the SapMachine
# repository. The internal lists are the master and the public lists in the
# SapMachine repository will be refreshed regularly, removing comments
# which reveal internal URLs, names or hostnames.
#
# The public SapMachine exclusion lists might contain additional test
# exclusions, specific to the SapMachine build and test infrastructure. That
# section needs to be placed at the end of the file.
#
###############################################################################

###############################################################################
# Tests known to be failing in OpenJDK when JDK 11 was released (9/2018)

# SapMachine 2018-08-22, 2019-03-07
# Failing as of today, and ever before.
# SapMachine 2019-04-30 Still fails in 11.
vmTestbase/nsk/jvmti/unit/functions/AddToBootstrapClassLoaderSearch/JvmtiTest/TestDescription.java windows-all

# SapMachine 2018-08-28
# This crashes on sparc with "The system is out of physical RAM or swap space".
# Only jdk11, why that? Ev. add -Xmx200M.
# SapMachine 2019-02-21, 2019-05-08 Still failing in 11.
runtime/appcds/sharedStrings/InvalidFileFormat.java                                  solaris-sparcv9

# SapMachine 2018-11-07
# Remaining tests failing on ntintel in jdk11.
# ClhsdbLongConstant.java:84: Reading markOopDesc::hash_mask_in_place. Expected 4294967168. Obtained -128 instead.
# SapMachine 2019-05-08 Still fails in 11.
serviceability/sa/ClhsdbLongConstant.java                                            windows-i586

###############################################################################
# New failures detected after GA or caused by changes pushed after GA of jdk11.

# SapMachine 2019-01-08
# RuntimeException: Total aborts count (1002) should be less or equal to 1001: expected that 1002 <= 1001
# SapMachine 2019-08-07 Still failing
#
compiler/rtm/locking/TestRTMSpinLoopCount.java                                       generic-ppc64,linux-ppc64le

# SapMachine 2019-02-13
# Timeouts seen sporadic on various platforms and Java versions.
# Still failing 2019-04-29, 2019-07-16
# Seems this one is fixed with 8206074 in OpenJDK 13 and 14. We shall take care of a backport.
#
# SapMachine 2019-08-02 Fix pushed to jdk11u-dev, shall remove this section in a few days after checking that it doesn't occur any more.
#vmTestbase/nsk/jdi/EventRequestManager/createStepRequest/crstepreq001/TestDescription.java 8206074 generic-all

# SapMachine 2019-03-11
# Fails with timeout or "Could not find any processes matching : 'HelpTest$Process'"
#
#
# SapMachine 2019-07-15 Still seen in 11 - 14, rarely on others than windows.
# SapMachine 2019-08-08 Backported 8205654 to 11 - but this will probably fix the issue for linux only.
# For Windows, we should keep the test excluded or we'll see some failing tests sporadically.
serviceability/dcmd/framework/HelpTest.java                                          windows-all

# SapMachine 2019-04-29
# java.lang.IllegalStateException: WB_IncMetaspaceCapacityUntilGC: could not increase capacity until GC due to contention with another thread
# SapMachine 2019-04-30 Still fails in 11.0.4.
gc/metaspace/TestCapacityUntilGCWrapAround.java                                      windows-i586

# SapMachine 2019-04-29
# Sporadic timeout 11 only since 3.3.2019, which is probably the date we started to run these again.
vmTestbase/nsk/jdb/unwatch/unwatch002/unwatch002.java                                generic-all

# SapMachine 2019-04-29
# Very sporadic on linux/ppc.
# Can't attach to the process: ptrace(PTRACE_ATTACH, ..) failed for 4253: No such process
# Enable it to find one of the sporadic occurances and paste the link here.
#serviceability/sa/TestJhsdbJstackMixed.java                                          linux-ppc64le,linux-ppc64

# SapMachine 2019-05-08
# These fail because a path breaks a windows limit in jdk11u-dev.
#
#
vmTestbase/nsk/jvmti/AddToBootstrapClassLoaderSearch/bootclssearch001/TestDescription.java         8191521 windows-all
vmTestbase/nsk/jvmti/AddToBootstrapClassLoaderSearch/bootclssearch002/TestDescription.java         8191521 windows-all
vmTestbase/nsk/jvmti/AddToBootstrapClassLoaderSearch/bootclssearch003/TestDescription.java         8191521 windows-all
vmTestbase/nsk/jvmti/AddToBootstrapClassLoaderSearch/bootclssearch004/TestDescription.java         8191521 windows-all
vmTestbase/nsk/jvmti/AddToBootstrapClassLoaderSearch/bootclssearch007/TestDescription.java         8191521 windows-all
vmTestbase/nsk/jvmti/AddToBootstrapClassLoaderSearch/bootclssearch010/TestDescription.java         8191521 windows-all
vmTestbase/nsk/jvmti/unit/functions/AddToBootstrapClassLoaderSearch/JvmtiTest/TestDescription.java 8191521 windows-all

# SapMachine 2019-06-07
# Timeouts, observed only in 11.
#
# SapMachine 2019-07-17 Still occuring in 11
vmTestbase/vm/mlvm/cp/stress/classfmt/mt/TestDescription.java                        generic-ppc64,linux-ppc64le

# SapMachine 2019-06-28
# Sporadic on some x64 systems
#
#
# SapMachine 2019-08-02 Fix pushed to 11.0.5 and 13, should remove this entry in a few days.
#runtime/memory/RunUnitTestsConcurrently.java                                 8227041 linux-x64,windows-x64

# SapMachine 2019-06-28
# Error message: AttemptOOM allocation successful, seen on quite some hosts
#
#
#
# SapMachine 2019-07-19 Still failing.
containers/docker/TestMemoryAwareness.java                                   8229182 linux-ppc64le,linux-s390x

###############################################################################
# New failures detected after GA of 11.0.3 (e.g. seen only in jdk11u-dev after branching 11.0.3 to jdk11u)

# SapMachine 2019-06-28
# Frequent timeouts on all ppc platforms, 11 only. Above other similar excludes.
#
#
# Still seen on 2019-07-16
# SapMachine 2019-08-02 Added linux-x64 to the exclusion as well because the issue is seen there, too.
vmTestbase/vm/mlvm/cp/stress/classfmt/correctBootstrap/TestDescription.java          linux-x64,generic-ppc64,linux-ppc64le
# Also seen on linux x86_64
vmTestbase/vm/mlvm/cp/stress/classfmt/mh/TestDescription.java                        linux-x64,generic-ppc64,linux-ppc64le
vmTestbase/vm/mlvm/meth/stress/gc/createLotsOfMHConsts/Test.java                     generic-ppc64,linux-ppc64le

# SapMachine 2019-06-28
# RuntimeException: '.*(?:HotSpot|OpenJDK).*VM.*' missing from stdout/stderr or just timeout. Seen also in 13.
#
#
# SapMachine 2019-08-08 Backported 8205654 to 11 - but this will probably fix the issue for linux only.
# For Windows, we should keep the test excluded or we'll see some failing tests sporadically.
serviceability/dcmd/framework/VMVersionTest.java                                     windows-all

# SapMachine 2019-07-15
# Occurred lately on our Solaris box.
#
# SapMachine 2019-08-02 Fix pushed to 11.0.5, should remove this entry in a few days.
#compiler/codegen/aes/TestCipherBlockChainingEncrypt.java                     8219513 solaris-sparcv9

# SapMachine 2019-07-16
# We see this intermittently, mainly in SapMachine environment
# SapMachine 2019-08-02 Fix pushed to 11.0.5, should remove this entry in a few days.
#runtime/jni/checked/TestCheckedEnsureLocalCapacity.java                      8215901 linux-all

# SapMachine 2019-07-16
# 11-only crash at:
# Klass::method_at_vtable
# linkResolver::runtime_resolve_virtual_method
#
#
# SapMachine 2019-08-23 Trying if recent fixes help in jdk11u-dev (8228618 was pushed)
#vmTestbase/nsk/jdi/ThreadReference/forceEarlyReturn/forceEarlyReturn007/TestDescription.java  linux-s390,windows-all

###############################################################################
# New failures detected after GA of 11.0.4 (e.g. seen only in jdk11u-dev after branching 11.0.4 to jdk11u)

# SapMachine 2019-07-17
# Crashes on s390
#
#
# SapMachine 2019-07-30 8228618 was downported. These are fixed.
# SapMachine 2019-08-28 We shall remove this entry after release of 11.0.5 and 13.0.2.
#vmTestbase/nsk/jvmti/RedefineClasses/StressRedefine/TestDescription.java                          8228618 linux-s390x
#vmTestbase/nsk/jvmti/RedefineClasses/StressRedefineWithoutBytecodeCorruption/TestDescription.java 8228618 linux-s390x
# SapMachine 2019-08-26 Fix: JDK-8229925. Pushed to 11.0.5, requested for jdk13u
#vmTestbase/nsk/jvmti/scenarios/capability/CM03/cm03t001/TestDescription.java                      8229925 linux-s390x

# SapMachine 2019-07-22
# Timeout. We see this regularly.
#
#
# This is already tracked by 8222030.
compiler/jsr292/ContinuousCallSiteTargetChange.java                          8222030 linux-ppc64

#############################################################################
# Tests known to be failing in SapMachine due to SapMachine specific setup.

# SapMachine 2018-10-05
# This test fails, because we do not have debug symbols available in all tests.
runtime/NMT/CheckForProperDetailStackTrace.java                                      generic-all

# SapMachine 2019-01-30 These tests fail for some reason on linux-ppc64le and linux-ppc64. Need to investigate.
gc/g1/humongousObjects/TestHumongousClassLoader.java                                 linux-ppc64le,linux-ppc64
gc/g1/humongousObjects/TestHumongousNonArrayAllocation.java                          linux-ppc64le,linux-ppc64

# SapMachine 2019-01-31 These fail on Windows in the SapMachine CI infrastructure.
# SapMachine 2019-08-01 For some reason the tests work in jdk/jdk13 after the infrastructure was updated.
# But they still don't work in 11.
compiler/aot/DeoptimizationTest.java                                                 windows-all
compiler/aot/RecompilationTest.java                                                  windows-all
compiler/aot/SharedUsageTest.java                                                    windows-all
compiler/aot/calls/fromAot/AotInvokeDynamic2AotTest.java                             windows-all
compiler/aot/calls/fromAot/AotInvokeDynamic2CompiledTest.java                        windows-all
compiler/aot/calls/fromAot/AotInvokeDynamic2InterpretedTest.java                     windows-all
compiler/aot/calls/fromAot/AotInvokeDynamic2NativeTest.java                          windows-all
compiler/aot/calls/fromAot/AotInvokeInterface2AotTest.java                           windows-all
compiler/aot/calls/fromAot/AotInvokeInterface2CompiledTest.java                      windows-all
compiler/aot/calls/fromAot/AotInvokeInterface2InterpretedTest.java                   windows-all
compiler/aot/calls/fromAot/AotInvokeInterface2NativeTest.java                        windows-all
compiler/aot/calls/fromAot/AotInvokeSpecial2AotTest.java                             windows-all
compiler/aot/calls/fromAot/AotInvokeSpecial2CompiledTest.java                        windows-all
compiler/aot/calls/fromAot/AotInvokeSpecial2InterpretedTest.java                     windows-all
compiler/aot/calls/fromAot/AotInvokeSpecial2NativeTest.java                          windows-all
compiler/aot/calls/fromAot/AotInvokeStatic2AotTest.java                              windows-all
compiler/aot/calls/fromAot/AotInvokeStatic2CompiledTest.java                         windows-all
compiler/aot/calls/fromAot/AotInvokeStatic2InterpretedTest.java                      windows-all
compiler/aot/calls/fromAot/AotInvokeStatic2NativeTest.java                           windows-all
compiler/aot/calls/fromAot/AotInvokeVirtual2AotTest.java                             windows-all
compiler/aot/calls/fromAot/AotInvokeVirtual2CompiledTest.java                        windows-all
compiler/aot/calls/fromAot/AotInvokeVirtual2InterpretedTest.java                     windows-all
compiler/aot/calls/fromAot/AotInvokeVirtual2NativeTest.java                          windows-all
compiler/aot/calls/fromCompiled/CompiledInvokeDynamic2AotTest.java                   windows-all
compiler/aot/calls/fromCompiled/CompiledInvokeInterface2AotTest.java                 windows-all
compiler/aot/calls/fromCompiled/CompiledInvokeSpecial2AotTest.java                   windows-all
compiler/aot/calls/fromCompiled/CompiledInvokeStatic2AotTest.java                    windows-all
compiler/aot/calls/fromCompiled/CompiledInvokeVirtual2AotTest.java                   windows-all
compiler/aot/calls/fromInterpreted/InterpretedInvokeDynamic2AotTest.java             windows-all
compiler/aot/calls/fromInterpreted/InterpretedInvokeInterface2AotTest.java           windows-all
compiler/aot/calls/fromInterpreted/InterpretedInvokeSpecial2AotTest.java             windows-all
compiler/aot/calls/fromInterpreted/InterpretedInvokeStatic2AotTest.java              windows-all
compiler/aot/calls/fromInterpreted/InterpretedInvokeVirtual2AotTest.java             windows-all
compiler/aot/calls/fromNative/NativeInvokeSpecial2AotTest.java                       windows-all
compiler/aot/calls/fromNative/NativeInvokeStatic2AotTest.java                        windows-all
compiler/aot/calls/fromNative/NativeInvokeVirtual2AotTest.java                       windows-all
compiler/aot/cli/DisabledAOTWithLibraryTest.java                                     windows-all
compiler/aot/cli/MultipleAOTLibraryTest.java                                         windows-all
compiler/aot/cli/SingleAOTLibraryTest.java                                           windows-all
compiler/aot/cli/SingleAOTOptionTest.java                                            windows-all
compiler/aot/cli/jaotc/AtFileTest.java                                               windows-all
compiler/aot/cli/jaotc/CompileClassTest.java                                         windows-all
compiler/aot/cli/jaotc/CompileClassWithDebugTest.java                                windows-all
compiler/aot/cli/jaotc/CompileDirectoryTest.java                                     windows-all
compiler/aot/cli/jaotc/CompileJarTest.java                                           windows-all
compiler/aot/cli/jaotc/CompileModuleTest.java                                        windows-all
compiler/aot/cli/jaotc/IgnoreErrorsTest.java                                         windows-all
compiler/aot/cli/jaotc/ListOptionTest.java                                           windows-all
compiler/aot/cli/jaotc/ListOptionWrongFileTest.java                                  windows-all
compiler/aot/fingerprint/SelfChanged.java                                            windows-all
compiler/aot/fingerprint/SelfChangedCDS.java                                         windows-all
compiler/aot/fingerprint/SuperChanged.java                                           windows-all
compiler/aot/verification/ClassAndLibraryNotMatchTest.java                           windows-all
compiler/aot/verification/vmflags/NotTrackedFlagTest.java                            windows-all
compiler/aot/verification/vmflags/TrackedFlagTest.java                               windows-all

# SapMachine 2019-01-30
# This test fails for some reason on linux-ppc64le and linux-ppc64. Need to investigate.
compiler/runtime/cr6891750/Test6891750.java                                          linux-ppc64le,linux-ppc64
